0 info it worked if it ends with ok
1 verbose cli [ '/Users/casey_idz/.nvm/versions/io.js/v3.3.1/bin/iojs',
1 verbose cli   '/Users/casey_idz/.nvm/versions/io.js/v3.3.1/bin/npm',
1 verbose cli   'run',
1 verbose cli   'dev' ]
2 info using npm@2.14.3
3 info using node@v3.3.1
4 verbose run-script [ 'predev', 'dev', 'postdev' ]
5 info predev @macrostrat/map-interface@4.0.0-a1
6 info dev @macrostrat/map-interface@4.0.0-a1
7 verbose unsafe-perm in lifecycle true
8 info @macrostrat/map-interface@4.0.0-a1 Failed to exec dev script
9 verbose stack Error: @macrostrat/map-interface@4.0.0-a1 dev: `webpack --watch`
9 verbose stack spawn ENOENT
9 verbose stack     at ChildProcess.<anonymous> (/Users/casey_idz/.nvm/versions/io.js/v3.3.1/lib/node_modules/npm/lib/utils/spawn.js:17:16)
9 verbose stack     at emitTwo (events.js:87:13)
9 verbose stack     at ChildProcess.emit (events.js:172:7)
9 verbose stack     at maybeClose (internal/child_process.js:764:16)
9 verbose stack     at Process.ChildProcess._handle.onexit (internal/child_process.js:211:5)
10 verbose pkgid @macrostrat/map-interface@4.0.0-a1
11 verbose cwd /Users/casey_idz/Coding/uw-macrostrat/web-v3
12 error Darwin 20.3.0
13 error argv "/Users/casey_idz/.nvm/versions/io.js/v3.3.1/bin/iojs" "/Users/casey_idz/.nvm/versions/io.js/v3.3.1/bin/npm" "run" "dev"
14 error node v3.3.1
15 error npm  v2.14.3
16 error file sh
17 error code ELIFECYCLE
18 error errno ENOENT
19 error syscall spawn
20 error @macrostrat/map-interface@4.0.0-a1 dev: `webpack --watch`
20 error spawn ENOENT
21 error Failed at the @macrostrat/map-interface@4.0.0-a1 dev script 'webpack --watch'.
21 error This is most likely a problem with the @macrostrat/map-interface package,
21 error not with npm itself.
21 error Tell the author that this fails on your system:
21 error     webpack --watch
21 error You can get their info via:
21 error     npm owner ls @macrostrat/map-interface
21 error There is likely additional logging output above.
22 verbose exit [ 1, true ]
